{"uuid":"f26af486-5299-4ebf-8560-ef87b0ff34df","historyId":"c037c8de80a09697eeee7af88285cba2","fullName":"io.cucumber.testng.AbstractTestNGCucumberTests.runScenario","labels":[{"name":"package","value":"runners.TestRunner"},{"name":"testClass","value":"runners.TestRunner"},{"name":"testMethod","value":"runScenario"},{"name":"parentSuite","value":"Default Suite"},{"name":"suite","value":"eshop"},{"name":"subSuite","value":"runners.TestRunner"},{"name":"host","value":"3bsatar"},{"name":"thread","value":"23340@3bsatar.main(3)"},{"name":"framework","value":"testng"},{"name":"language","value":"java"}],"links":[],"name":"Runs Cucumber Scenarios","status":"failed","statusDetails":{"known":false,"muted":false,"flaky":false,"message":"expected [null] but found [https://eshop.vodafone.com.eg/en/]","trace":"java.lang.AssertionError: expected [null] but found [https://eshop.vodafone.com.eg/en/]\r\n\tat org.testng.Assert.fail(Assert.java:111)\r\n\tat org.testng.Assert.failNotEquals(Assert.java:1590)\r\n\tat org.testng.Assert.assertEqualsImpl(Assert.java:150)\r\n\tat org.testng.Assert.assertEquals(Assert.java:132)\r\n\tat org.testng.Assert.assertEquals(Assert.java:656)\r\n\tat org.testng.Assert.assertEquals(Assert.java:666)\r\n\tat eshop.utils.Validations.validatePageUrl(Validations.java:37)\r\n\tat eshop.pages.LoginPage.assertSucessfulLogin(LoginPage.java:94)\r\n\tat steps.EshopSteps.the_user_logs_in_with_valid_credentials(EshopSteps.java:48)\r\n\tat âœ½.the user logs in with valid credentials(file:///E:/Work/Vodafone%20Task/Second%20Part/eshop/src/test/resources/features/Eshop.feature:5)\r\n"},"stage":"finished","steps":[{"name":"Navigate to the login page","status":"passed","stage":"finished","steps":[{"name":"Navigate to URL: https://eshop.vodafone.com.eg","status":"passed","stage":"finished","steps":[],"attachments":[],"parameters":[{"name":"driver","value":"ChromeDriver: chrome on windows (3e7b03601fd9dfc03200e0f92da6f03e)"},{"name":"url","value":"https://eshop.vodafone.com.eg"}],"start":1763124749140,"stop":1763124764622}],"attachments":[],"parameters":[],"start":1763124749132,"stop":1763124764622},{"name":"Close popups if any","status":"passed","stage":"finished","steps":[],"attachments":[],"parameters":[],"start":1763124764628,"stop":1763124764851},{"name":"Click on Profile Icon","status":"passed","stage":"finished","steps":[{"name":"Click on element: By.id: sl-nav-bar-img=5","status":"passed","stage":"finished","steps":[{"name":"Scrolling to element: By.id: sl-nav-bar-img=5","status":"passed","stage":"finished","steps":[],"attachments":[],"parameters":[{"name":"driver","value":"ChromeDriver: chrome on windows (3e7b03601fd9dfc03200e0f92da6f03e)"},{"name":"locator","value":"By.id: sl-nav-bar-img=5"}],"start":1763124764996,"stop":1763124765042}],"attachments":[],"parameters":[{"name":"driver","value":"ChromeDriver: chrome on windows (3e7b03601fd9dfc03200e0f92da6f03e)"},{"name":"locator","value":"By.id: sl-nav-bar-img=5"}],"start":1763124764860,"stop":1763124769191}],"attachments":[],"parameters":[],"start":1763124764851,"stop":1763124769191},{"name":"Enter username: 01027925056","status":"passed","stage":"finished","steps":[{"name":"Send data to element: By.id: username with data: 01027925056","status":"passed","stage":"finished","steps":[{"name":"Scrolling to element: By.id: username","status":"passed","stage":"finished","steps":[],"attachments":[],"parameters":[{"name":"driver","value":"ChromeDriver: chrome on windows (3e7b03601fd9dfc03200e0f92da6f03e)"},{"name":"locator","value":"By.id: username"}],"start":1763124769328,"stop":1763124769346}],"attachments":[],"parameters":[{"name":"driver","value":"ChromeDriver: chrome on windows (3e7b03601fd9dfc03200e0f92da6f03e)"},{"name":"locator","value":"By.id: username"},{"name":"data","value":"01027925056"}],"start":1763124769299,"stop":1763124769425}],"attachments":[],"parameters":[{"name":"username","value":"01027925056"}],"start":1763124769298,"stop":1763124769425},{"name":"Enter password: #Mahmoud1#","status":"passed","stage":"finished","steps":[{"name":"Send data to element: By.id: password with data: #Mahmoud1#","status":"passed","stage":"finished","steps":[{"name":"Scrolling to element: By.id: password","status":"passed","stage":"finished","steps":[],"attachments":[],"parameters":[{"name":"driver","value":"ChromeDriver: chrome on windows (3e7b03601fd9dfc03200e0f92da6f03e)"},{"name":"locator","value":"By.id: password"}],"start":1763124769453,"stop":1763124769474}],"attachments":[],"parameters":[{"name":"driver","value":"ChromeDriver: chrome on windows (3e7b03601fd9dfc03200e0f92da6f03e)"},{"name":"locator","value":"By.id: password"},{"name":"data","value":"#Mahmoud1#"}],"start":1763124769426,"stop":1763124769526}],"attachments":[],"parameters":[{"name":"password","value":"#Mahmoud1#"}],"start":1763124769426,"stop":1763124769526},{"name":"Click on login button","status":"passed","stage":"finished","steps":[{"name":"Click on element: By.id: submitBtn","status":"passed","stage":"finished","steps":[{"name":"Scrolling to element: By.id: submitBtn","status":"passed","stage":"finished","steps":[],"attachments":[],"parameters":[{"name":"driver","value":"ChromeDriver: chrome on windows (3e7b03601fd9dfc03200e0f92da6f03e)"},{"name":"locator","value":"By.id: submitBtn"}],"start":1763124769554,"stop":1763124769569}],"attachments":[],"parameters":[{"name":"driver","value":"ChromeDriver: chrome on windows (3e7b03601fd9dfc03200e0f92da6f03e)"},{"name":"locator","value":"By.id: submitBtn"}],"start":1763124769527,"stop":1763124770311}],"attachments":[],"parameters":[],"start":1763124769526,"stop":1763124770311},{"name":"Assert successful login","status":"failed","statusDetails":{"known":false,"muted":false,"flaky":false,"message":"expected [null] but found [https://eshop.vodafone.com.eg/en/]","trace":"java.lang.AssertionError: expected [null] but found [https://eshop.vodafone.com.eg/en/]\r\n\tat org.testng.Assert.fail(Assert.java:111)\r\n\tat org.testng.Assert.failNotEquals(Assert.java:1590)\r\n\tat org.testng.Assert.assertEqualsImpl(Assert.java:150)\r\n\tat org.testng.Assert.assertEquals(Assert.java:132)\r\n\tat org.testng.Assert.assertEquals(Assert.java:656)\r\n\tat org.testng.Assert.assertEquals(Assert.java:666)\r\n\tat eshop.utils.Validations.validatePageUrl(Validations.java:37)\r\n\tat eshop.pages.LoginPage.assertSucessfulLogin(LoginPage.java:94)\r\n\tat steps.EshopSteps.the_user_logs_in_with_valid_credentials(EshopSteps.java:48)\r\n\tat java.base/jdk.internal.reflect.DirectMethodHandleAccessor.invoke(DirectMethodHandleAccessor.java:104)\r\n\tat java.base/java.lang.reflect.Method.invoke(Method.java:565)\r\n\tat io.cucumber.java.Invoker.doInvoke(Invoker.java:66)\r\n\tat io.cucumber.java.Invoker.invoke(Invoker.java:24)\r\n\tat io.cucumber.java.AbstractGlueDefinition.invokeMethod(AbstractGlueDefinition.java:47)\r\n\tat io.cucumber.java.JavaStepDefinition.execute(JavaStepDefinition.java:29)\r\n\tat io.cucumber.core.runner.CoreStepDefinition.execute(CoreStepDefinition.java:66)\r\n\tat io.cucumber.core.runner.PickleStepDefinitionMatch.runStep(PickleStepDefinitionMatch.java:62)\r\n\tat io.cucumber.core.runner.ExecutionMode$1.execute(ExecutionMode.java:10)\r\n\tat io.cucumber.core.runner.TestStep.executeStep(TestStep.java:81)\r\n\tat io.cucumber.core.runner.TestStep.run(TestStep.java:53)\r\n\tat io.cucumber.core.runner.PickleStepTestStep.run(PickleStepTestStep.java:51)\r\n\tat io.cucumber.core.runner.TestCase.run(TestCase.java:87)\r\n\tat io.cucumber.core.runner.Runner.runPickle(Runner.java:78)\r\n\tat io.cucumber.testng.TestNGCucumberRunner.lambda$runScenario$1(TestNGCucumberRunner.java:135)\r\n\tat io.cucumber.core.runtime.CucumberExecutionContext.lambda$runTestCase$5(CucumberExecutionContext.java:136)\r\n\tat io.cucumber.core.runtime.RethrowingThrowableCollector.executeAndThrow(RethrowingThrowableCollector.java:23)\r\n\tat io.cucumber.core.runtime.CucumberExecutionContext.runTestCase(CucumberExecutionContext.java:136)\r\n\tat io.cucumber.testng.TestNGCucumberRunner.runScenario(TestNGCucumberRunner.java:132)\r\n\tat io.cucumber.testng.AbstractTestNGCucumberTests.runScenario(AbstractTestNGCucumberTests.java:35)\r\n\tat java.base/jdk.internal.reflect.DirectMethodHandleAccessor.invoke(DirectMethodHandleAccessor.java:104)\r\n\tat java.base/java.lang.reflect.Method.invoke(Method.java:565)\r\n\tat org.testng.internal.invokers.MethodInvocationHelper.invokeMethod(MethodInvocationHelper.java:141)\r\n\tat org.testng.internal.invokers.TestInvoker.invokeMethod(TestInvoker.java:687)\r\n\tat org.testng.internal.invokers.TestInvoker.invokeTestMethod(TestInvoker.java:230)\r\n\tat org.testng.internal.invokers.MethodRunner.runInSequence(MethodRunner.java:63)\r\n\tat org.testng.internal.invokers.TestInvoker$MethodInvocationAgent.invoke(TestInvoker.java:995)\r\n\tat org.testng.internal.invokers.TestInvoker.invokeTestMethods(TestInvoker.java:203)\r\n\tat org.testng.internal.invokers.TestMethodWorker.invokeTestMethods(TestMethodWorker.java:154)\r\n\tat org.testng.internal.invokers.TestMethodWorker.run(TestMethodWorker.java:134)\r\n\tat java.base/java.util.ArrayList.forEach(ArrayList.java:1604)\r\n\tat org.testng.TestRunner.privateRun(TestRunner.java:741)\r\n\tat org.testng.TestRunner.run(TestRunner.java:616)\r\n\tat org.testng.SuiteRunner.runTest(SuiteRunner.java:421)\r\n\tat org.testng.SuiteRunner.runSequentially(SuiteRunner.java:413)\r\n\tat org.testng.SuiteRunner.privateRun(SuiteRunner.java:373)\r\n\tat org.testng.SuiteRunner.run(SuiteRunner.java:312)\r\n\tat org.testng.SuiteRunnerWorker.runSuite(SuiteRunnerWorker.java:52)\r\n\tat org.testng.SuiteRunnerWorker.run(SuiteRunnerWorker.java:95)\r\n\tat org.testng.TestNG.runSuitesSequentially(TestNG.java:1274)\r\n\tat org.testng.TestNG.runSuitesLocally(TestNG.java:1208)\r\n\tat org.testng.TestNG.runSuites(TestNG.java:1112)\r\n\tat org.testng.TestNG.run(TestNG.java:1079)\r\n\tat com.intellij.rt.testng.IDEARemoteTestNG.run(IDEARemoteTestNG.java:65)\r\n\tat com.intellij.rt.testng.RemoteTestNGStarter.main(RemoteTestNGStarter.java:105)\r\n"},"stage":"finished","steps":[{"name":"Validate Page Url: null","status":"failed","statusDetails":{"known":false,"muted":false,"flaky":false,"message":"expected [null] but found [https://eshop.vodafone.com.eg/en/]","trace":"java.lang.AssertionError: expected [null] but found [https://eshop.vodafone.com.eg/en/]\r\n\tat org.testng.Assert.fail(Assert.java:111)\r\n\tat org.testng.Assert.failNotEquals(Assert.java:1590)\r\n\tat org.testng.Assert.assertEqualsImpl(Assert.java:150)\r\n\tat org.testng.Assert.assertEquals(Assert.java:132)\r\n\tat org.testng.Assert.assertEquals(Assert.java:656)\r\n\tat org.testng.Assert.assertEquals(Assert.java:666)\r\n\tat eshop.utils.Validations.validatePageUrl(Validations.java:37)\r\n\tat eshop.pages.LoginPage.assertSucessfulLogin(LoginPage.java:94)\r\n\tat steps.EshopSteps.the_user_logs_in_with_valid_credentials(EshopSteps.java:48)\r\n\tat java.base/jdk.internal.reflect.DirectMethodHandleAccessor.invoke(DirectMethodHandleAccessor.java:104)\r\n\tat java.base/java.lang.reflect.Method.invoke(Method.java:565)\r\n\tat io.cucumber.java.Invoker.doInvoke(Invoker.java:66)\r\n\tat io.cucumber.java.Invoker.invoke(Invoker.java:24)\r\n\tat io.cucumber.java.AbstractGlueDefinition.invokeMethod(AbstractGlueDefinition.java:47)\r\n\tat io.cucumber.java.JavaStepDefinition.execute(JavaStepDefinition.java:29)\r\n\tat io.cucumber.core.runner.CoreStepDefinition.execute(CoreStepDefinition.java:66)\r\n\tat io.cucumber.core.runner.PickleStepDefinitionMatch.runStep(PickleStepDefinitionMatch.java:62)\r\n\tat io.cucumber.core.runner.ExecutionMode$1.execute(ExecutionMode.java:10)\r\n\tat io.cucumber.core.runner.TestStep.executeStep(TestStep.java:81)\r\n\tat io.cucumber.core.runner.TestStep.run(TestStep.java:53)\r\n\tat io.cucumber.core.runner.PickleStepTestStep.run(PickleStepTestStep.java:51)\r\n\tat io.cucumber.core.runner.TestCase.run(TestCase.java:87)\r\n\tat io.cucumber.core.runner.Runner.runPickle(Runner.java:78)\r\n\tat io.cucumber.testng.TestNGCucumberRunner.lambda$runScenario$1(TestNGCucumberRunner.java:135)\r\n\tat io.cucumber.core.runtime.CucumberExecutionContext.lambda$runTestCase$5(CucumberExecutionContext.java:136)\r\n\tat io.cucumber.core.runtime.RethrowingThrowableCollector.executeAndThrow(RethrowingThrowableCollector.java:23)\r\n\tat io.cucumber.core.runtime.CucumberExecutionContext.runTestCase(CucumberExecutionContext.java:136)\r\n\tat io.cucumber.testng.TestNGCucumberRunner.runScenario(TestNGCucumberRunner.java:132)\r\n\tat io.cucumber.testng.AbstractTestNGCucumberTests.runScenario(AbstractTestNGCucumberTests.java:35)\r\n\tat java.base/jdk.internal.reflect.DirectMethodHandleAccessor.invoke(DirectMethodHandleAccessor.java:104)\r\n\tat java.base/java.lang.reflect.Method.invoke(Method.java:565)\r\n\tat org.testng.internal.invokers.MethodInvocationHelper.invokeMethod(MethodInvocationHelper.java:141)\r\n\tat org.testng.internal.invokers.TestInvoker.invokeMethod(TestInvoker.java:687)\r\n\tat org.testng.internal.invokers.TestInvoker.invokeTestMethod(TestInvoker.java:230)\r\n\tat org.testng.internal.invokers.MethodRunner.runInSequence(MethodRunner.java:63)\r\n\tat org.testng.internal.invokers.TestInvoker$MethodInvocationAgent.invoke(TestInvoker.java:995)\r\n\tat org.testng.internal.invokers.TestInvoker.invokeTestMethods(TestInvoker.java:203)\r\n\tat org.testng.internal.invokers.TestMethodWorker.invokeTestMethods(TestMethodWorker.java:154)\r\n\tat org.testng.internal.invokers.TestMethodWorker.run(TestMethodWorker.java:134)\r\n\tat java.base/java.util.ArrayList.forEach(ArrayList.java:1604)\r\n\tat org.testng.TestRunner.privateRun(TestRunner.java:741)\r\n\tat org.testng.TestRunner.run(TestRunner.java:616)\r\n\tat org.testng.SuiteRunner.runTest(SuiteRunner.java:421)\r\n\tat org.testng.SuiteRunner.runSequentially(SuiteRunner.java:413)\r\n\tat org.testng.SuiteRunner.privateRun(SuiteRunner.java:373)\r\n\tat org.testng.SuiteRunner.run(SuiteRunner.java:312)\r\n\tat org.testng.SuiteRunnerWorker.runSuite(SuiteRunnerWorker.java:52)\r\n\tat org.testng.SuiteRunnerWorker.run(SuiteRunnerWorker.java:95)\r\n\tat org.testng.TestNG.runSuitesSequentially(TestNG.java:1274)\r\n\tat org.testng.TestNG.runSuitesLocally(TestNG.java:1208)\r\n\tat org.testng.TestNG.runSuites(TestNG.java:1112)\r\n\tat org.testng.TestNG.run(TestNG.java:1079)\r\n\tat com.intellij.rt.testng.IDEARemoteTestNG.run(IDEARemoteTestNG.java:65)\r\n\tat com.intellij.rt.testng.RemoteTestNGStarter.main(RemoteTestNGStarter.java:105)\r\n"},"stage":"finished","steps":[{"name":"Get current URL","status":"passed","stage":"finished","steps":[],"attachments":[],"parameters":[{"name":"driver","value":"ChromeDriver: chrome on windows (3e7b03601fd9dfc03200e0f92da6f03e)"}],"start":1763124770321,"stop":1763124770334}],"attachments":[],"parameters":[{"name":"driver","value":"ChromeDriver: chrome on windows (3e7b03601fd9dfc03200e0f92da6f03e)"},{"name":"expected","value":"null"}],"start":1763124770321,"stop":1763124770344}],"attachments":[],"parameters":[],"start":1763124770312,"stop":1763124770344}],"attachments":[],"parameters":[{"name":"arg1","value":"\"Eshop End-to-End Flow\""},{"name":"arg0","value":"\"User logs in and adds ASUS laptop to cart\""}],"start":1763124747438,"stop":1763124770564}