{"uuid":"f89dc4fc-0db7-4462-a0cb-1bfc5b8ff98b","historyId":"821be4781f275c010697fe8bfc360c31","fullName":"io.cucumber.testng.AbstractTestNGCucumberTests.runScenario","labels":[{"name":"package","value":"runners.TestRunner"},{"name":"testClass","value":"runners.TestRunner"},{"name":"testMethod","value":"runScenario"},{"name":"parentSuite","value":"Default Suite"},{"name":"suite","value":"eshop"},{"name":"subSuite","value":"runners.TestRunner"},{"name":"host","value":"3bsatar"},{"name":"thread","value":"21356@3bsatar.main(3)"},{"name":"framework","value":"testng"},{"name":"language","value":"java"}],"links":[],"name":"Runs Cucumber Scenarios","status":"broken","statusDetails":{"known":false,"muted":false,"flaky":false,"message":"Expected condition failed: waiting for eshop.utils.Waits$$Lambda/0x000000008d4836b0@1259b2a5 (tried for 10 second(s) with 500 milliseconds interval)","trace":"org.openqa.selenium.TimeoutException: Expected condition failed: waiting for eshop.utils.Waits$$Lambda/0x000000008d4836b0@1259b2a5 (tried for 10 second(s) with 500 milliseconds interval)\r\n\tat org.openqa.selenium.support.ui.WebDriverWait.timeoutException(WebDriverWait.java:84)\r\n\tat org.openqa.selenium.support.ui.FluentWait.until(FluentWait.java:228)\r\n\tat eshop.utils.Waits.waitForElementPresent(Waits.java:21)\r\n\tat eshop.utils.Waits.lambda$waitForElementVisible$0(Waits.java:29)\r\n\tat org.openqa.selenium.support.ui.FluentWait.until(FluentWait.java:203)\r\n\tat eshop.utils.Waits.waitForElementVisible(Waits.java:27)\r\n\tat eshop.pages.HomePage.assertProductAddedToCart(HomePage.java:81)\r\n\tat steps.EshopSteps.the_user_adds_all_products_from_test_data_to_the_cart(EshopSteps.java:63)\r\n\tat âœ½.the user adds all products from test data to the cart(file:///E:/Work/Vodafone%20Task/Second%20Part/eshop/src/test/resources/features/Eshop.feature:7)\r\nCaused by: org.openqa.selenium.NoSuchElementException: Cannot locate an element using [unknown locator]\nFor documentation on this error, please visit: https://www.selenium.dev/documentation/webdriver/troubleshooting/errors#nosuchelementexception\nBuild info: version: '4.38.0', revision: '6b412e825c*'\nSystem info: os.name: 'Windows 11', os.arch: 'amd64', os.version: '10.0', java.version: '25.0.1'\nDriver info: driver.version: RemoteWebDriver\r\n\tat org.openqa.selenium.By.findElement(By.java:127)\r\n\tat org.openqa.selenium.remote.ElementLocation$ElementFinder$1.findElement(ElementLocation.java:139)\r\n\tat org.openqa.selenium.remote.ElementLocation.findElement(ElementLocation.java:59)\r\n\tat org.openqa.selenium.remote.RemoteWebDriver.findElement(RemoteWebDriver.java:380)\r\n\tat org.openqa.selenium.remote.RemoteWebDriver.findElement(RemoteWebDriver.java:374)\r\n\tat eshop.utils.Waits.lambda$waitForElementPresent$0(Waits.java:21)\r\n\tat org.openqa.selenium.support.ui.FluentWait.until(FluentWait.java:203)\r\n\t... 7 more\r\n"},"stage":"finished","steps":[{"name":"Navigate to the login page","status":"passed","stage":"finished","steps":[{"name":"Navigate to URL: https://eshop.vodafone.com.eg","status":"passed","stage":"finished","steps":[],"attachments":[],"parameters":[{"name":"driver","value":"ChromeDriver: chrome on windows (13488436e58e994e3746a2371012b42f)"},{"name":"url","value":"https://eshop.vodafone.com.eg"}],"start":1763242775764,"stop":1763242802920}],"attachments":[],"parameters":[],"start":1763242775757,"stop":1763242802920},{"name":"Close popups if any","status":"passed","stage":"finished","steps":[],"attachments":[],"parameters":[],"start":1763242802927,"stop":1763242803177},{"name":"Click on Profile Icon","status":"passed","stage":"finished","steps":[{"name":"Click on element: By.id: sl-nav-bar-img=5","status":"passed","stage":"finished","steps":[{"name":"Scrolling to element: By.id: sl-nav-bar-img=5","status":"passed","stage":"finished","steps":[],"attachments":[],"parameters":[{"name":"driver","value":"ChromeDriver: chrome on windows (13488436e58e994e3746a2371012b42f)"},{"name":"locator","value":"By.id: sl-nav-bar-img=5"}],"start":1763242803274,"stop":1763242803339}],"attachments":[],"parameters":[{"name":"driver","value":"ChromeDriver: chrome on windows (13488436e58e994e3746a2371012b42f)"},{"name":"locator","value":"By.id: sl-nav-bar-img=5"}],"start":1763242803193,"stop":1763242806648}],"attachments":[],"parameters":[],"start":1763242803177,"stop":1763242806648},{"name":"Enter username: 01027925056","status":"passed","stage":"finished","steps":[{"name":"Send data to element: By.id: username with data: 01027925056","status":"passed","stage":"finished","steps":[{"name":"Scrolling to element: By.id: username","status":"passed","stage":"finished","steps":[],"attachments":[],"parameters":[{"name":"driver","value":"ChromeDriver: chrome on windows (13488436e58e994e3746a2371012b42f)"},{"name":"locator","value":"By.id: username"}],"start":1763242806869,"stop":1763242806897}],"attachments":[],"parameters":[{"name":"driver","value":"ChromeDriver: chrome on windows (13488436e58e994e3746a2371012b42f)"},{"name":"locator","value":"By.id: username"},{"name":"data","value":"01027925056"}],"start":1763242806808,"stop":1763242807013}],"attachments":[],"parameters":[{"name":"username","value":"01027925056"}],"start":1763242806808,"stop":1763242807013},{"name":"Enter password: #Mahmoud1#","status":"passed","stage":"finished","steps":[{"name":"Send data to element: By.id: password with data: #Mahmoud1#","status":"passed","stage":"finished","steps":[{"name":"Scrolling to element: By.id: password","status":"passed","stage":"finished","steps":[],"attachments":[],"parameters":[{"name":"driver","value":"ChromeDriver: chrome on windows (13488436e58e994e3746a2371012b42f)"},{"name":"locator","value":"By.id: password"}],"start":1763242807049,"stop":1763242807080}],"attachments":[],"parameters":[{"name":"driver","value":"ChromeDriver: chrome on windows (13488436e58e994e3746a2371012b42f)"},{"name":"locator","value":"By.id: password"},{"name":"data","value":"#Mahmoud1#"}],"start":1763242807016,"stop":1763242807212}],"attachments":[],"parameters":[{"name":"password","value":"#Mahmoud1#"}],"start":1763242807015,"stop":1763242807212},{"name":"Click on login button","status":"passed","stage":"finished","steps":[{"name":"Click on element: By.id: submitBtn","status":"passed","stage":"finished","steps":[{"name":"Scrolling to element: By.id: submitBtn","status":"passed","stage":"finished","steps":[],"attachments":[],"parameters":[{"name":"driver","value":"ChromeDriver: chrome on windows (13488436e58e994e3746a2371012b42f)"},{"name":"locator","value":"By.id: submitBtn"}],"start":1763242807273,"stop":1763242807296}],"attachments":[],"parameters":[{"name":"driver","value":"ChromeDriver: chrome on windows (13488436e58e994e3746a2371012b42f)"},{"name":"locator","value":"By.id: submitBtn"}],"start":1763242807213,"stop":1763242808420}],"attachments":[],"parameters":[],"start":1763242807212,"stop":1763242808420},{"name":"Assert successful login","status":"passed","stage":"finished","steps":[],"attachments":[],"parameters":[],"start":1763242808420,"stop":1763242808428},{"name":"Click on cart icon","status":"passed","stage":"finished","steps":[{"name":"Click on element: By.xpath: //span[normalize-space()='Laptops']","status":"passed","stage":"finished","steps":[{"name":"Scrolling to element: By.xpath: //span[normalize-space()='Laptops']","status":"passed","stage":"finished","steps":[],"attachments":[],"parameters":[{"name":"driver","value":"ChromeDriver: chrome on windows (13488436e58e994e3746a2371012b42f)"},{"name":"locator","value":"By.xpath: //span[normalize-space()='Laptops']"}],"start":1763242808994,"stop":1763242809011}],"attachments":[],"parameters":[{"name":"driver","value":"ChromeDriver: chrome on windows (13488436e58e994e3746a2371012b42f)"},{"name":"locator","value":"By.xpath: //span[normalize-space()='Laptops']"}],"start":1763242808430,"stop":1763242809597}],"attachments":[],"parameters":[],"start":1763242808428,"stop":1763242809600},{"name":"Click on first product containing keyword: ASUS","status":"passed","stage":"finished","steps":[{"name":"Click on element safely (handles click interception): By.xpath: //p[contains(., 'ASUS')]","status":"passed","stage":"finished","steps":[{"name":"Scrolling to element: By.xpath: //p[contains(., 'ASUS')]","status":"passed","stage":"finished","steps":[],"attachments":[],"parameters":[{"name":"driver","value":"ChromeDriver: chrome on windows (13488436e58e994e3746a2371012b42f)"},{"name":"locator","value":"By.xpath: //p[contains(., 'ASUS')]"}],"start":1763242810273,"stop":1763242810293}],"attachments":[],"parameters":[{"name":"driver","value":"ChromeDriver: chrome on windows (13488436e58e994e3746a2371012b42f)"},{"name":"locator","value":"By.xpath: //p[contains(., 'ASUS')]"}],"start":1763242809604,"stop":1763242811483},{"name":"Click on element safely (handles click interception): [unknown locator]","status":"passed","stage":"finished","steps":[{"name":"Scrolling to element: [unknown locator]","status":"passed","stage":"finished","steps":[],"attachments":[],"parameters":[{"name":"driver","value":"ChromeDriver: chrome on windows (13488436e58e994e3746a2371012b42f)"},{"name":"locator","value":"[unknown locator]"}],"start":1763242815269,"stop":1763242815286}],"attachments":[],"parameters":[{"name":"driver","value":"ChromeDriver: chrome on windows (13488436e58e994e3746a2371012b42f)"},{"name":"locator","value":"[unknown locator]"}],"start":1763242815238,"stop":1763242816451},{"name":"Click on element: [unknown locator]","status":"passed","stage":"finished","steps":[{"name":"Scrolling to element: [unknown locator]","status":"passed","stage":"finished","steps":[],"attachments":[],"parameters":[{"name":"driver","value":"ChromeDriver: chrome on windows (13488436e58e994e3746a2371012b42f)"},{"name":"locator","value":"[unknown locator]"}],"start":1763242816498,"stop":1763242816551}],"attachments":[],"parameters":[{"name":"driver","value":"ChromeDriver: chrome on windows (13488436e58e994e3746a2371012b42f)"},{"name":"locator","value":"[unknown locator]"}],"start":1763242816452,"stop":1763242816680}],"attachments":[],"parameters":[{"name":"keyword","value":"ASUS"}],"start":1763242809603,"stop":1763242816680},{"name":"Assert product added to cart","status":"broken","statusDetails":{"known":false,"muted":false,"flaky":false,"message":"Expected condition failed: waiting for eshop.utils.Waits$$Lambda/0x000000008d4836b0@1259b2a5 (tried for 10 second(s) with 500 milliseconds interval)","trace":"org.openqa.selenium.TimeoutException: Expected condition failed: waiting for eshop.utils.Waits$$Lambda/0x000000008d4836b0@1259b2a5 (tried for 10 second(s) with 500 milliseconds interval)\r\n\tat org.openqa.selenium.support.ui.WebDriverWait.timeoutException(WebDriverWait.java:84)\r\n\tat org.openqa.selenium.support.ui.FluentWait.until(FluentWait.java:228)\r\n\tat eshop.utils.Waits.waitForElementPresent(Waits.java:21)\r\n\tat eshop.utils.Waits.lambda$waitForElementVisible$0(Waits.java:29)\r\n\tat org.openqa.selenium.support.ui.FluentWait.until(FluentWait.java:203)\r\n\tat eshop.utils.Waits.waitForElementVisible(Waits.java:27)\r\n\tat eshop.pages.HomePage.assertProductAddedToCart(HomePage.java:81)\r\n\tat steps.EshopSteps.the_user_adds_all_products_from_test_data_to_the_cart(EshopSteps.java:63)\r\n\tat java.base/jdk.internal.reflect.DirectMethodHandleAccessor.invoke(DirectMethodHandleAccessor.java:104)\r\n\tat java.base/java.lang.reflect.Method.invoke(Method.java:565)\r\n\tat io.cucumber.java.Invoker.doInvoke(Invoker.java:66)\r\n\tat io.cucumber.java.Invoker.invoke(Invoker.java:24)\r\n\tat io.cucumber.java.AbstractGlueDefinition.invokeMethod(AbstractGlueDefinition.java:47)\r\n\tat io.cucumber.java.JavaStepDefinition.execute(JavaStepDefinition.java:29)\r\n\tat io.cucumber.core.runner.CoreStepDefinition.execute(CoreStepDefinition.java:66)\r\n\tat io.cucumber.core.runner.PickleStepDefinitionMatch.runStep(PickleStepDefinitionMatch.java:62)\r\n\tat io.cucumber.core.runner.ExecutionMode$1.execute(ExecutionMode.java:10)\r\n\tat io.cucumber.core.runner.TestStep.executeStep(TestStep.java:81)\r\n\tat io.cucumber.core.runner.TestStep.run(TestStep.java:53)\r\n\tat io.cucumber.core.runner.PickleStepTestStep.run(PickleStepTestStep.java:51)\r\n\tat io.cucumber.core.runner.TestCase.run(TestCase.java:87)\r\n\tat io.cucumber.core.runner.Runner.runPickle(Runner.java:78)\r\n\tat io.cucumber.testng.TestNGCucumberRunner.lambda$runScenario$1(TestNGCucumberRunner.java:135)\r\n\tat io.cucumber.core.runtime.CucumberExecutionContext.lambda$runTestCase$5(CucumberExecutionContext.java:136)\r\n\tat io.cucumber.core.runtime.RethrowingThrowableCollector.executeAndThrow(RethrowingThrowableCollector.java:23)\r\n\tat io.cucumber.core.runtime.CucumberExecutionContext.runTestCase(CucumberExecutionContext.java:136)\r\n\tat io.cucumber.testng.TestNGCucumberRunner.runScenario(TestNGCucumberRunner.java:132)\r\n\tat io.cucumber.testng.AbstractTestNGCucumberTests.runScenario(AbstractTestNGCucumberTests.java:35)\r\n\tat java.base/jdk.internal.reflect.DirectMethodHandleAccessor.invoke(DirectMethodHandleAccessor.java:104)\r\n\tat java.base/java.lang.reflect.Method.invoke(Method.java:565)\r\n\tat org.testng.internal.invokers.MethodInvocationHelper.invokeMethod(MethodInvocationHelper.java:141)\r\n\tat org.testng.internal.invokers.TestInvoker.invokeMethod(TestInvoker.java:687)\r\n\tat org.testng.internal.invokers.TestInvoker.invokeTestMethod(TestInvoker.java:230)\r\n\tat org.testng.internal.invokers.MethodRunner.runInSequence(MethodRunner.java:63)\r\n\tat org.testng.internal.invokers.TestInvoker$MethodInvocationAgent.invoke(TestInvoker.java:995)\r\n\tat org.testng.internal.invokers.TestInvoker.invokeTestMethods(TestInvoker.java:203)\r\n\tat org.testng.internal.invokers.TestMethodWorker.invokeTestMethods(TestMethodWorker.java:154)\r\n\tat org.testng.internal.invokers.TestMethodWorker.run(TestMethodWorker.java:134)\r\n\tat java.base/java.util.ArrayList.forEach(ArrayList.java:1604)\r\n\tat org.testng.TestRunner.privateRun(TestRunner.java:741)\r\n\tat org.testng.TestRunner.run(TestRunner.java:616)\r\n\tat org.testng.SuiteRunner.runTest(SuiteRunner.java:421)\r\n\tat org.testng.SuiteRunner.runSequentially(SuiteRunner.java:413)\r\n\tat org.testng.SuiteRunner.privateRun(SuiteRunner.java:373)\r\n\tat org.testng.SuiteRunner.run(SuiteRunner.java:312)\r\n\tat org.testng.SuiteRunnerWorker.runSuite(SuiteRunnerWorker.java:52)\r\n\tat org.testng.SuiteRunnerWorker.run(SuiteRunnerWorker.java:95)\r\n\tat org.testng.TestNG.runSuitesSequentially(TestNG.java:1274)\r\n\tat org.testng.TestNG.runSuitesLocally(TestNG.java:1208)\r\n\tat org.testng.TestNG.runSuites(TestNG.java:1112)\r\n\tat org.testng.TestNG.run(TestNG.java:1079)\r\n\tat com.intellij.rt.testng.IDEARemoteTestNG.run(IDEARemoteTestNG.java:65)\r\n\tat com.intellij.rt.testng.RemoteTestNGStarter.main(RemoteTestNGStarter.java:105)\r\nCaused by: org.openqa.selenium.NoSuchElementException: Cannot locate an element using [unknown locator]\nFor documentation on this error, please visit: https://www.selenium.dev/documentation/webdriver/troubleshooting/errors#nosuchelementexception\nBuild info: version: '4.38.0', revision: '6b412e825c*'\nSystem info: os.name: 'Windows 11', os.arch: 'amd64', os.version: '10.0', java.version: '25.0.1'\nDriver info: driver.version: RemoteWebDriver\r\n\tat org.openqa.selenium.By.findElement(By.java:127)\r\n\tat org.openqa.selenium.remote.ElementLocation$ElementFinder$1.findElement(ElementLocation.java:139)\r\n\tat org.openqa.selenium.remote.ElementLocation.findElement(ElementLocation.java:59)\r\n\tat org.openqa.selenium.remote.RemoteWebDriver.findElement(RemoteWebDriver.java:380)\r\n\tat org.openqa.selenium.remote.RemoteWebDriver.findElement(RemoteWebDriver.java:374)\r\n\tat eshop.utils.Waits.lambda$waitForElementPresent$0(Waits.java:21)\r\n\tat org.openqa.selenium.support.ui.FluentWait.until(FluentWait.java:203)\r\n\t... 51 more\r\n"},"stage":"finished","steps":[],"attachments":[],"parameters":[{"name":"productName","value":"ASUS"}],"start":1763242816681,"stop":1763242826755}],"attachments":[],"parameters":[{"name":"arg1","value":"\"Eshop End-to-End Flow\""},{"name":"arg0","value":"\"User logs in and adds all products from test data to cart\""}],"start":1763242773981,"stop":1763242826960}